This is pdfTeX, Version 3.14159265-2.6-1.40.21 (MiKTeX 20.12) (preloaded format=pdflatex 2021.1.14)  21 JAN 2021 19:00
entering extended mode
**./hw2.tex
(hw2.tex
LaTeX2e <2020-10-01> patch level 2
L3 programming layer <2020-12-07> xparse <2020-03-03>
(C:\Users\User\AppData\Local\Programs\MiKTeX\tex/latex/base\article.cls
Document Class: article 2020/04/10 v1.4m Standard LaTeX document class
(C:\Users\User\AppData\Local\Programs\MiKTeX\tex/latex/base\size10.clo
File: size10.clo 2020/04/10 v1.4m Standard LaTeX file (size option)
)
\c@part=\count177
\c@section=\count178
\c@subsection=\count179
\c@subsubsection=\count180
\c@paragraph=\count181
\c@subparagraph=\count182
\c@figure=\count183
\c@table=\count184
\abovecaptionskip=\skip47
\belowcaptionskip=\skip48
\bibindent=\dimen138
)
(C:\Users\User\AppData\Local\Programs\MiKTeX\tex/generic/babel\babel.sty
Package: babel 2020/10/27 3.51 The Babel package

(C:\Users\User\AppData\Local\Programs\MiKTeX\tex/generic/babel\babel.def
File: babel.def 2020/10/27 3.51 Babel common definitions
\babel@savecnt=\count185
\U@D=\dimen139
\l@babelnohyphens=\language79

(C:\Users\User\AppData\Local\Programs\MiKTeX\tex/generic/babel\txtbabel.def)
\bbl@readstream=\read2
)
\bbl@dirlevel=\count186

*************************************
* Local config file bblopts.cfg used
*
(C:\Users\User\AppData\Local\Programs\MiKTeX\tex/latex/arabi\bblopts.cfg
File: bblopts.cfg 2005/09/08 v0.1 add Arabic and Farsi to "declared" options of
 babel
)
(C:\Users\User\AppData\Local\Programs\MiKTeX\tex/latex/babel-english\english.ld
f
Language: english 2017/06/06 v3.3r English support from the babel system
Package babel Info: \l@canadian = using hyphenrules for english
(babel)             (\language0) on input line 102.
Package babel Info: \l@australian = using hyphenrules for ukenglish
(babel)             (\language73) on input line 105.
Package babel Info: \l@newzealand = using hyphenrules for ukenglish
(babel)             (\language73) on input line 108.
)) (C:\Users\User\AppData\Local\Programs\MiKTeX\tex/latex/base\inputenc.sty
Package: inputenc 2020/08/01 v1.3d Input encoding file
\inpenc@prehook=\toks15
\inpenc@posthook=\toks16

(C:\Users\User\AppData\Local\Programs\MiKTeX\tex/latex/ucs\utf8x.def
File: utf8x.def 2004/10/17 UCS: Input encoding UTF-8
))
(C:\Users\User\AppData\Local\Programs\MiKTeX\tex/latex/ucs\ucs.sty
Package: ucs 2013/05/11 v2.2 UCS: Unicode input support

(C:\Users\User\AppData\Local\Programs\MiKTeX\tex/latex/ucs\uni-global.def
File: uni-global.def 2013/05/13 UCS: Unicode global data
)
\uc@secondtry=\count187
\uc@combtoks=\toks17
\uc@combtoksb=\toks18
\uc@temptokena=\toks19
)
(C:\Users\User\AppData\Local\Programs\MiKTeX\tex/latex/base\fontenc.sty
Package: fontenc 2020/08/10 v2.0s Standard LaTeX package
)
(C:\Users\User\AppData\Local\Programs\MiKTeX\tex/latex/enumitem\enumitem.sty
Package: enumitem 2019/06/20 v3.9 Customized lists
\enitkv@toks@=\toks20
\labelindent=\skip49
\enit@outerparindent=\dimen140
\enit@toks=\toks21
\enit@inbox=\box47
\enit@count@id=\count188
\enitdp@description=\count189
)
(C:\Users\User\AppData\Local\Programs\MiKTeX\tex/latex/fancyhdr\fancyhdr.sty
Package: fancyhdr 2021/01/04 v4.0 Extensive control of page headers and footers

\f@nch@headwidth=\skip50
\f@nch@O@elh=\skip51
\f@nch@O@erh=\skip52
\f@nch@O@olh=\skip53
\f@nch@O@orh=\skip54
\f@nch@O@elf=\skip55
\f@nch@O@erf=\skip56
\f@nch@O@olf=\skip57
\f@nch@O@orf=\skip58
)
(C:\Users\User\AppData\Local\Programs\MiKTeX\tex/latex/amsmath\amsmath.sty
Package: amsmath 2020/09/23 v2.17i AMS math features
\@mathmargin=\skip59

For additional information on amsmath, use the `?' option.
(C:\Users\User\AppData\Local\Programs\MiKTeX\tex/latex/amsmath\amstext.sty
Package: amstext 2000/06/29 v2.01 AMS text

(C:\Users\User\AppData\Local\Programs\MiKTeX\tex/latex/amsmath\amsgen.sty
File: amsgen.sty 1999/11/30 v2.0 generic functions
\@emptytoks=\toks22
\ex@=\dimen141
))
(C:\Users\User\AppData\Local\Programs\MiKTeX\tex/latex/amsmath\amsbsy.sty
Package: amsbsy 1999/11/29 v1.2d Bold Symbols
\pmbraise@=\dimen142
)
(C:\Users\User\AppData\Local\Programs\MiKTeX\tex/latex/amsmath\amsopn.sty
Package: amsopn 2016/03/08 v2.02 operator names
)
\inf@bad=\count190
LaTeX Info: Redefining \frac on input line 234.
\uproot@=\count191
\leftroot@=\count192
LaTeX Info: Redefining \overline on input line 399.
\classnum@=\count193
\DOTSCASE@=\count194
LaTeX Info: Redefining \ldots on input line 496.
LaTeX Info: Redefining \dots on input line 499.
LaTeX Info: Redefining \cdots on input line 620.
\Mathstrutbox@=\box48
\strutbox@=\box49
\big@size=\dimen143
LaTeX Font Info:    Redeclaring font encoding OML on input line 743.
LaTeX Font Info:    Redeclaring font encoding OMS on input line 744.
\macc@depth=\count195
\c@MaxMatrixCols=\count196
\dotsspace@=\muskip16
\c@parentequation=\count197
\dspbrk@lvl=\count198
\tag@help=\toks23
\row@=\count199
\column@=\count266
\maxfields@=\count267
\andhelp@=\toks24
\eqnshift@=\dimen144
\alignsep@=\dimen145
\tagshift@=\dimen146
\tagwidth@=\dimen147
\totwidth@=\dimen148
\lineht@=\dimen149
\@envbody=\toks25
\multlinegap=\skip60
\multlinetaggap=\skip61
\mathdisplay@stack=\toks26
LaTeX Info: Redefining \[ on input line 2923.
LaTeX Info: Redefining \] on input line 2924.
)
(C:\Users\User\AppData\Local\Programs\MiKTeX\tex/latex/amscls\amsthm.sty
Package: amsthm 2020/05/29 v2.20.6
\thm@style=\toks27
\thm@bodyfont=\toks28
\thm@headfont=\toks29
\thm@notefont=\toks30
\thm@headpunct=\toks31
\thm@preskip=\skip62
\thm@postskip=\skip63
\thm@headsep=\skip64
\dth@everypar=\toks32
)
(C:\Users\User\AppData\Local\Programs\MiKTeX\tex/latex/amsfonts\amssymb.sty
Package: amssymb 2013/01/14 v3.01 AMS font symbols

(C:\Users\User\AppData\Local\Programs\MiKTeX\tex/latex/amsfonts\amsfonts.sty
Package: amsfonts 2013/01/14 v3.01 Basic AMSFonts support
\symAMSa=\mathgroup4
\symAMSb=\mathgroup5
LaTeX Font Info:    Redeclaring math symbol \hbar on input line 98.
LaTeX Font Info:    Overwriting math alphabet `\mathfrak' in version `bold'
(Font)                  U/euf/m/n --> U/euf/b/n on input line 106.
))
(C:\Users\User\AppData\Local\Programs\MiKTeX\tex/latex/graphics\graphicx.sty
Package: graphicx 2020/09/09 v1.2b Enhanced LaTeX Graphics (DPC,SPQR)

(C:\Users\User\AppData\Local\Programs\MiKTeX\tex/latex/graphics\keyval.sty
Package: keyval 2014/10/28 v1.15 key=value parser (DPC)
\KV@toks@=\toks33
)
(C:\Users\User\AppData\Local\Programs\MiKTeX\tex/latex/graphics\graphics.sty
Package: graphics 2020/08/30 v1.4c Standard LaTeX Graphics (DPC,SPQR)

(C:\Users\User\AppData\Local\Programs\MiKTeX\tex/latex/graphics\trig.sty
Package: trig 2016/01/03 v1.10 sin cos tan (DPC)
)
(C:\Users\User\AppData\Local\Programs\MiKTeX\tex/latex/graphics-cfg\graphics.cf
g
File: graphics.cfg 2016/06/04 v1.11 sample graphics configuration
)
Package graphics Info: Driver file: pdftex.def on input line 105.

(C:\Users\User\AppData\Local\Programs\MiKTeX\tex/latex/graphics-def\pdftex.def
File: pdftex.def 2020/10/05 v1.2a Graphics/color driver for pdftex
))
\Gin@req@height=\dimen150
\Gin@req@width=\dimen151
)
\c@case=\count268

(C:\Users\User\AppData\Local\Programs\MiKTeX\tex/latex/l3backend\l3backend-pdft
ex.def
File: l3backend-pdftex.def 2020-09-24 L3 backend support: PDF output (pdfTeX)
\l__kernel_color_stack_int=\count269
\l__pdf_internal_box=\box50
) (hw2.aux)
\openout1 = `hw2.aux'.

LaTeX Font Info:    Checking defaults for OML/cmm/m/it on input line 25.
LaTeX Font Info:    ... okay on input line 25.
LaTeX Font Info:    Checking defaults for OMS/cmsy/m/n on input line 25.
LaTeX Font Info:    ... okay on input line 25.
LaTeX Font Info:    Checking defaults for OT1/cmr/m/n on input line 25.
LaTeX Font Info:    ... okay on input line 25.
LaTeX Font Info:    Checking defaults for T1/cmr/m/n on input line 25.
LaTeX Font Info:    ... okay on input line 25.
LaTeX Font Info:    Checking defaults for TS1/cmr/m/n on input line 25.
LaTeX Font Info:    ... okay on input line 25.
LaTeX Font Info:    Checking defaults for OMX/cmex/m/n on input line 25.
LaTeX Font Info:    ... okay on input line 25.
LaTeX Font Info:    Checking defaults for U/cmr/m/n on input line 25.
LaTeX Font Info:    ... okay on input line 25.

(C:\Users\User\AppData\Local\Programs\MiKTeX\tex/latex/ucs\ucsencs.def
File: ucsencs.def 2011/01/21 Fixes to fontencodings LGR, T3
)
(C:\Users\User\AppData\Local\Programs\MiKTeX\tex/context/base/mkii\supp-pdf.mki
i
[Loading MPS to PDF converter (version 2006.09.02).]
\scratchcounter=\count270
\scratchdimen=\dimen152
\scratchbox=\box51
\nofMPsegments=\count271
\nofMParguments=\count272
\everyMPshowfont=\toks34
\MPscratchCnt=\count273
\MPscratchDim=\dimen153
\MPnumerator=\count274
\makeMPintoPDFobject=\count275
\everyMPtoPDFconversion=\toks35
)
(C:\Users\User\AppData\Local\Programs\MiKTeX\tex/latex/epstopdf-pkg\epstopdf-ba
se.sty
Package: epstopdf-base 2020-01-24 v2.11 Base part for package epstopdf
Package epstopdf-base Info: Redefining graphics rule for `.eps' on input line 4
85.
)
LaTeX Font Info:    Trying to load font information for U+msa on input line 28.

 (C:\Users\User\AppData\Local\Programs\MiKTeX\tex/latex/amsfonts\umsa.fd
File: umsa.fd 2013/01/14 v3.01 AMS symbols A
)
LaTeX Font Info:    Trying to load font information for U+msb on input line 28.

 (C:\Users\User\AppData\Local\Programs\MiKTeX\tex/latex/amsfonts\umsb.fd
File: umsb.fd 2013/01/14 v3.01 AMS symbols B
)
Underfull \hbox (badness 10000) in paragraph at lines 28--34

 []

<model1.png, id=1, 605.26125pt x 490.08093pt>
File: model1.png Graphic file (type png)
<use model1.png>
Package pdftex.def Info: model1.png  used on input line 53.
(pdftex.def)             Requested size: 242.1002pt x 196.0289pt.
[1{C:/Users/User/AppData/Local/MiKTeX/pdftex/config/pdftex.map}

 <./model1.png>]
<4a.png, id=15, 628.59843pt x 618.81187pt>
File: 4a.png Graphic file (type png)
<use 4a.png>
Package pdftex.def Info: 4a.png  used on input line 61.
(pdftex.def)             Requested size: 251.4349pt x 247.52036pt.
<4c.png, id=16, 834.11626pt x 563.85657pt>
File: 4c.png Graphic file (type png)
<use 4c.png>
Package pdftex.def Info: 4c.png  used on input line 66.
(pdftex.def)             Requested size: 333.6406pt x 225.53864pt.
<4f.png, id=17, 605.26125pt x 557.83406pt>
File: 4f.png Graphic file (type png)
<use 4f.png>
Package pdftex.def Info: 4f.png  used on input line 71.
(pdftex.def)             Requested size: 242.1002pt x 223.12967pt.
[2 <./4a.png> <./4c.png>]
<4g.png, id=21, 493.845pt x 413.29407pt>
File: 4g.png Graphic file (type png)
<use 4g.png>
Package pdftex.def Info: 4g.png  used on input line 76.
(pdftex.def)             Requested size: 197.53448pt x 165.31468pt.
 [3 <./4f.png> <./4g.png>]
<5c.png, id=25, 931.98187pt x 323.70938pt>
File: 5c.png Graphic file (type png)
<use 5c.png>
Package pdftex.def Info: 5c.png  used on input line 84.
(pdftex.def)             Requested size: 372.78615pt x 129.48145pt.

Overfull \hbox (27.78615pt too wide) in paragraph at lines 84--85
[][] 
 []

<5d.png, id=26, 741.52031pt x 194.97844pt>
File: 5d.png Graphic file (type png)
<use 5d.png>
Package pdftex.def Info: 5d.png  used on input line 89.
(pdftex.def)             Requested size: 296.60286pt x 77.98999pt.
<5e.png, id=27, 642.90187pt x 293.59688pt>
File: 5e.png Graphic file (type png)
<use 5e.png>
Package pdftex.def Info: 5e.png  used on input line 94.
(pdftex.def)             Requested size: 257.15619pt x 117.43666pt.
[4 <./5c.png> <./5d.png> <./5e.png>]
<5f.png, id=31, 989.19562pt x 386.19281pt>
File: 5f.png Graphic file (type png)
<use 5f.png>
Package pdftex.def Info: 5f.png  used on input line 101.
(pdftex.def)             Requested size: 395.67123pt x 154.47438pt.

Overfull \hbox (50.67123pt too wide) in paragraph at lines 101--102
[][] 
 []

<5g.png, id=32, 855.94781pt x 261.22594pt>
File: 5g.png Graphic file (type png)
<use 5g.png>
Package pdftex.def Info: 5g.png  used on input line 106.
(pdftex.def)             Requested size: 342.37306pt x 104.48851pt.
<5h.png, id=33, 846.91406pt x 190.46156pt>
File: 5h.png Graphic file (type png)
<use 5h.png>
Package pdftex.def Info: 5h.png  used on input line 111.
(pdftex.def)             Requested size: 338.75963pt x 76.18326pt.
[5 <./5f.png> <./5g.png> <./5h.png>]
<6a.png, id=37, 529.22719pt x 241.65282pt>
File: 6a.png Graphic file (type png)
<use 6a.png>
Package pdftex.def Info: 6a.png  used on input line 118.
(pdftex.def)             Requested size: 211.68712pt x 96.65941pt.
<6b.png, id=38, 687.31781pt x 234.1247pt>
File: 6b.png Graphic file (type png)
<use 6b.png>
Package pdftex.def Info: 6b.png  used on input line 123.
(pdftex.def)             Requested size: 274.92226pt x 93.64821pt.
<6c.png, id=39, 682.80093pt x 194.97844pt>
File: 6c.png Graphic file (type png)
<use 6c.png>
Package pdftex.def Info: 6c.png  used on input line 128.
(pdftex.def)             Requested size: 273.11552pt x 77.98999pt.
 [6 <./6a.png> <./6b.png> <./6c.png>]
<6d.png, id=43, 1004.25188pt x 500.62032pt>
File: 6d.png Graphic file (type png)
<use 6d.png>
Package pdftex.def Info: 6d.png  used on input line 133.
(pdftex.def)             Requested size: 401.69363pt x 200.24457pt.

Overfull \hbox (56.69363pt too wide) in paragraph at lines 133--134
[][] 
 []

<6e.png, id=44, 896.59969pt x 603.0028pt>
File: 6e.png Graphic file (type png)
<use 6e.png>
Package pdftex.def Info: 6e.png  used on input line 138.
(pdftex.def)             Requested size: 358.63351pt x 241.19684pt.

Overfull \hbox (13.63351pt too wide) in paragraph at lines 138--139
[][] 
 []

[7 <./6d.png> <./6e.png>]
<6f.png, id=49, 916.92563pt x 200.24812pt>
File: 6f.png Graphic file (type png)
<use 6f.png>
Package pdftex.def Info: 6f.png  used on input line 143.
(pdftex.def)             Requested size: 366.76376pt x 80.09782pt.

Overfull \hbox (21.76376pt too wide) in paragraph at lines 143--144
[][] 
 []

<6g.png, id=50, 776.14969pt x 278.54062pt>
File: 6g.png Graphic file (type png)
<use 6g.png>
Package pdftex.def Info: 6g.png  used on input line 148.
(pdftex.def)             Requested size: 310.45438pt x 111.41426pt.
<6h.png, id=51, 883.04906pt x 294.34969pt>
File: 6h.png Graphic file (type png)
<use 6h.png>
Package pdftex.def Info: 6h.png  used on input line 153.
(pdftex.def)             Requested size: 353.21336pt x 117.73778pt.

Overfull \hbox (8.21336pt too wide) in paragraph at lines 153--154
[][] 
 []

[8 <./6f.png> <./6g.png> <./6h.png>]
<6i.png, id=55, 444.15938pt x 402.75468pt>
File: 6i.png Graphic file (type png)
<use 6i.png>
Package pdftex.def Info: 6i.png  used on input line 158.
(pdftex.def)             Requested size: 177.6606pt x 161.09901pt.
<6j.png, id=56, 554.07pt x 508.14844pt>
File: 6j.png Graphic file (type png)
<use 6j.png>
Package pdftex.def Info: 6j.png  used on input line 163.
(pdftex.def)             Requested size: 221.62407pt x 203.25577pt.
 [9 <./6i.png> <./6j.png>]
<6k.png, id=60, 465.23813pt x 421.575pt>
File: 6k.png Graphic file (type png)
<use 6k.png>
Package pdftex.def Info: 6k.png  used on input line 168.
(pdftex.def)             Requested size: 186.09195pt x 168.627pt.
<6l.png, id=61, 752.8125pt x 347.04657pt>
File: 6l.png Graphic file (type png)
<use 6l.png>
Package pdftex.def Info: 6l.png  used on input line 173.
(pdftex.def)             Requested size: 301.11966pt x 138.81616pt.
<6m.png, id=62, 463.7325pt x 189.70876pt>
File: 6m.png Graphic file (type png)
<use 6m.png>
Package pdftex.def Info: 6m.png  used on input line 178.
(pdftex.def)             Requested size: 185.4897pt x 75.88214pt.
 [10 <./6k.png> <./6l.png> <./6m.png>]
<6n.png, id=66, 633.86812pt x 173.14688pt>
File: 6n.png Graphic file (type png)
<use 6n.png>
Package pdftex.def Info: 6n.png  used on input line 183.
(pdftex.def)             Requested size: 253.54276pt x 69.25752pt.
 [11 <./6n.png>] (hw2.aux) ) 
Here is how much of TeX's memory you used:
 4226 strings out of 479697
 58287 string characters out of 2867608
 356083 words of memory out of 3000000
 21254 multiletter control sequences out of 15000+200000
 409027 words of font info for 40 fonts, out of 3000000 for 9000
 1141 hyphenation exceptions out of 8191
 66i,10n,72p,329b,235s stack positions out of 5000i,500n,10000p,200000b,50000s
 <C:\Users\User\AppData\Local\MiKTeX\fonts/pk/ljfou
r/jknappen/ec/dpi600\ecbx1000.pk> <C:\Users\User\AppData\Local\MiKTeX\fonts/pk/
ljfour/jknappen/ec/dpi600\ecbx1200.pk> <C:\Users\User\AppData\Local\MiKTeX\font
s/pk/ljfour/jknappen/ec/dpi600\ecrm1000.pk><C:/Users/User/AppData/Local/Program
s/MiKTeX/fonts/type1/public/amsfonts/cm/cmmi10.pfb><C:/Users/User/AppData/Local
/Programs/MiKTeX/fonts/type1/public/amsfonts/cm/cmr10.pfb><C:/Users/User/AppDat
a/Local/Programs/MiKTeX/fonts/type1/public/amsfonts/cm/cmr7.pfb><C:/Users/User/
AppData/Local/Programs/MiKTeX/fonts/type1/public/amsfonts/cm/cmsy10.pfb>
Output written on hw2.pdf (11 pages, 1405642 bytes).
PDF statistics:
 154 PDF objects out of 1000 (max. 8388607)
 0 named destinations out of 1000 (max. 500000)
 126 words of extra memory for PDF output out of 10000 (max. 10000000)

