DEBUG:root:Order:2 7 7.0
DEBUG:root:Finish turn

DEBUG:root:Order:2 8 7.0
DEBUG:root:Finish turn

DEBUG:root:Order:2 21 9.0
DEBUG:root:Finish turn

DEBUG:root:Order:2 22 9.0
DEBUG:root:Finish turn

DEBUG:root:Order:2 9 14.0
DEBUG:root:Finish turn

DEBUG:root:Order:2 10 14.0
DEBUG:root:Finish turn

DEBUG:root:Order:2 3 17.0
DEBUG:root:Finish turn

DEBUG:root:Order:2 4 17.0
DEBUG:root:Finish turn

DEBUG:root:Order:2 11 18.0
DEBUG:root:Finish turn

DEBUG:root:Order:2 12 18.0
DEBUG:root:Order:2 22 7
DEBUG:root:Finish turn

DEBUG:root:Order:2 22 1
DEBUG:root:Finish turn

DEBUG:root:Order:2 22 1
DEBUG:root:Finish turn

DEBUG:root:Order:2 14 20.0
DEBUG:root:Order:22 2 9
DEBUG:root:Finish turn

DEBUG:root:Order:2 22 1
DEBUG:root:Finish turn

DEBUG:root:Order:2 10 6
DEBUG:root:Order:22 10 4
DEBUG:root:Finish turn

DEBUG:root:Bad order:2 9.0 27
DEBUG:root:Bad order:22 13.0 25
DEBUG:root:Finish turn

DEBUG:root:Bad order:2 14.0 26
DEBUG:root:Bad order:22 17.0 22
DEBUG:root:Bad order:11 1.0 4
DEBUG:root:Finish turn

DEBUG:root:Bad order:2 19.0 27
DEBUG:root:Order:22 10 21
DEBUG:root:Order:11 10 1
DEBUG:root:Finish turn

DEBUG:root:Order:2 16 22.0
DEBUG:root:Bad order:2 11.0 16
DEBUG:root:Bad order:22 3.0 9
DEBUG:root:Bad order:14 3.0 8
DEBUG:root:Bad order:11 2.0 7
DEBUG:root:Bad order:7 1.0 6
DEBUG:root:Finish turn

DEBUG:root:Order:10 19 24.0
DEBUG:root:Bad order:2 16.0 25
DEBUG:root:Bad order:22 7.0 16
DEBUG:root:Bad order:14 5.0 14
DEBUG:root:Bad order:11 3.0 12
DEBUG:root:Bad order:9 1.0 10
DEBUG:root:Finish turn

DEBUG:root:Bad order:2 21.0 27
DEBUG:root:Bad order:22 10.0 16
DEBUG:root:Bad order:14 7.0 13
DEBUG:root:Bad order:9 6.0 12
DEBUG:root:Bad order:11 4.0 10
DEBUG:root:Finish turn

DEBUG:root:Order:2 20 24.0
DEBUG:root:Bad order:22 13.0 18
DEBUG:root:Bad order:9 11.0 16
DEBUG:root:Bad order:14 9.0 14
DEBUG:root:Bad order:11 5.0 10
DEBUG:root:Bad order:2 2.0 7
DEBUG:root:Bad order:3 1.0 6
DEBUG:root:Finish turn

DEBUG:root:Bad order:9 16.0 18
DEBUG:root:Bad order:22 16.0 18
DEBUG:root:Bad order:14 11.0 13
DEBUG:root:Bad order:2 7.0 9
DEBUG:root:Bad order:11 6.0 8
DEBUG:root:Bad order:3 4.0 6
DEBUG:root:Bad order:16 1.0 3
DEBUG:root:Finish turn

DEBUG:root:Order:9 8 19
DEBUG:root:Order:22 8 9
DEBUG:root:Bad order:22 10.0 17
DEBUG:root:Order:14 7 11
DEBUG:root:Order:2 7 10
DEBUG:root:Order:3 7 3
DEBUG:root:Bad order:3 4.0 5
DEBUG:root:Order:11 10 5
DEBUG:root:Order:16 10 3
DEBUG:root:Finish turn

DEBUG:root:Order:22 10 9
DEBUG:root:Order:2 10 3
DEBUG:root:Order:3 10 2
DEBUG:root:Order:3 19 3
DEBUG:root:Order:3 7 1
DEBUG:root:Order:3 8 1
DEBUG:root:Bad order:3 0.0 1
DEBUG:root:Finish turn

DEBUG:root:Order:9 3 4
DEBUG:root:Order:9 11 3
DEBUG:root:Order:9 7 1
DEBUG:root:Order:9 8 1
DEBUG:root:Order:9 14 1
DEBUG:root:Bad order:9 2.0 4
DEBUG:root:Order:16 19 2
DEBUG:root:Order:2 19 1
DEBUG:root:Order:10 19 1
DEBUG:root:Finish turn

DEBUG:root:Order:19 4 4
DEBUG:root:Order:2 4 3
DEBUG:root:Order:10 4 1
DEBUG:root:Order:10 9 2
DEBUG:root:Order:10 11 1
DEBUG:root:Order:10 7 3
DEBUG:root:Order:16 7 2
DEBUG:root:Finish turn

DEBUG:root:Order:7 11 2
DEBUG:root:Order:7 8 1
DEBUG:root:Order:7 10 1
DEBUG:root:Order:7 14 1
DEBUG:root:Order:7 4 3
DEBUG:root:Order:2 4 2
DEBUG:root:Order:9 4 1
DEBUG:root:Order:16 4 1
DEBUG:root:Finish turn

DEBUG:root:Order:4 7 5
DEBUG:root:Order:4 11 2
DEBUG:root:Bad order:4 0.0 1
DEBUG:root:Bad order:4 0.0 1
DEBUG:root:Finish turn

DEBUG:root:Order:2 8 2
DEBUG:root:Order:2 11 2
DEBUG:root:Order:2 14 2
DEBUG:root:Order:2 7 1
DEBUG:root:Order:2 4 4
DEBUG:root:Order:9 4 4
DEBUG:root:Order:16 4 2
DEBUG:root:Finish turn

DEBUG:root:Order:4 2 4
DEBUG:root:Order:4 11 2
DEBUG:root:Bad order:4 0.0 1
DEBUG:root:Bad order:4 0.0 1
DEBUG:root:Bad order:4 0.0 1
DEBUG:root:Finish turn

DEBUG:root:Bad order:4 3.0 9
DEBUG:root:Order:16 9 8
DEBUG:root:Order:2 9 7
DEBUG:root:Order:3 9 6
DEBUG:root:Order:19 9 6
DEBUG:root:Order:22 9 6
DEBUG:root:Order:7 9 3
DEBUG:root:Order:8 9 3
DEBUG:root:Order:11 9 3
DEBUG:root:Order:14 9 3
DEBUG:root:Finish turn

DEBUG:root:Bad order:4 6.0 15
DEBUG:root:Order:2 19 8
DEBUG:root:Order:16 19 7
DEBUG:root:Order:3 19 6
DEBUG:root:Order:22 19 6
DEBUG:root:Order:7 19 5
DEBUG:root:Order:8 19 5
DEBUG:root:Order:14 19 4
DEBUG:root:Order:14 20 5
DEBUG:root:Order:11 20 4
DEBUG:root:Finish turn

DEBUG:root:Bad order:4 9.0 19
DEBUG:root:Order:2 20 6
DEBUG:root:Order:16 20 5
DEBUG:root:Order:3 20 4
DEBUG:root:Order:19 20 4
DEBUG:root:Order:22 20 4
DEBUG:root:Order:7 20 3
DEBUG:root:Order:8 20 3
DEBUG:root:Order:11 20 2
DEBUG:root:Order:9 20 1
DEBUG:root:Finish turn

DEBUG:root:Bad order:4 12.0 19
DEBUG:root:Order:2 20 2
DEBUG:root:Order:9 20 2
DEBUG:root:Order:16 20 1
DEBUG:root:Finish turn

DEBUG:root:Bad order:4 15.0 19
DEBUG:root:Order:2 20 2
DEBUG:root:Order:9 20 2
DEBUG:root:Order:16 20 1
DEBUG:root:Finish turn

DEBUG:root:Order:4 20 15
DEBUG:root:Bad order:4 4.0 5
DEBUG:root:Order:4 14 3
DEBUG:root:Bad order:4 1.0 2
DEBUG:root:Finish turn

DEBUG:root:Order:2 11 4
DEBUG:root:Order:9 11 3
DEBUG:root:Order:9 8 3
DEBUG:root:Order:9 14 1
DEBUG:root:Order:9 20 4
DEBUG:root:Order:16 20 2
DEBUG:root:Order:4 20 1
DEBUG:root:Finish turn

DEBUG:root:Order:20 9 4
DEBUG:root:Order:20 11 2
DEBUG:root:Order:20 8 1
DEBUG:root:Order:20 14 1
DEBUG:root:Finish turn

DEBUG:root:Order:2 11 2
DEBUG:root:Order:2 8 1
DEBUG:root:Order:2 14 1
DEBUG:root:Order:2 20 1
DEBUG:root:Finish turn

DEBUG:root:Order:16 11 2
DEBUG:root:Order:16 8 1
DEBUG:root:Order:16 14 1
DEBUG:root:Order:16 20 3
DEBUG:root:Order:2 20 1
DEBUG:root:Finish turn

DEBUG:root:Order:20 11 2
DEBUG:root:Order:20 16 2
DEBUG:root:Order:20 8 1
DEBUG:root:Order:20 14 1
DEBUG:root:Finish turn

DEBUG:root:Order:2 11 2
DEBUG:root:Order:2 20 2
DEBUG:root:Order:2 8 1
DEBUG:root:Order:2 14 1
DEBUG:root:Finish turn

DEBUG:root:Order:16 11 1
DEBUG:root:Finish turn

DEBUG:root:Order:2 19 5
DEBUG:root:Order:16 19 4
DEBUG:root:Order:3 19 3
DEBUG:root:Order:4 19 3
DEBUG:root:Order:22 19 3
DEBUG:root:Order:20 19 2
DEBUG:root:Order:20 11 2
DEBUG:root:Finish turn

DEBUG:root:Order:2 19 5
DEBUG:root:Order:16 19 4
DEBUG:root:Order:3 19 3
DEBUG:root:Order:4 19 3
DEBUG:root:Order:22 19 3
DEBUG:root:Order:8 19 2
DEBUG:root:Order:11 19 2
DEBUG:root:Order:14 19 2
DEBUG:root:Order:20 19 1
DEBUG:root:Finish turn

DEBUG:root:Order:20 5 68.0
DEBUG:root:Order:2 20 9
DEBUG:root:Order:16 20 8
DEBUG:root:Order:3 20 7
DEBUG:root:Order:4 20 7
DEBUG:root:Order:22 20 7
DEBUG:root:Order:8 20 6
DEBUG:root:Order:14 20 6
DEBUG:root:Order:11 20 5
DEBUG:root:Order:19 20 2
DEBUG:root:Finish turn

DEBUG:root:Order:2 20 2
DEBUG:root:Order:16 20 1
DEBUG:root:Order:16 11 1
DEBUG:root:Order:16 8 1
DEBUG:root:Finish turn

DEBUG:root:Order:2 4 10
DEBUG:root:Order:3 4 8
DEBUG:root:Order:19 4 8
DEBUG:root:Order:22 4 8
DEBUG:root:Order:8 4 7
DEBUG:root:Order:16 4 7
DEBUG:root:Order:20 4 7
DEBUG:root:Order:14 4 6
DEBUG:root:Order:11 4 5
DEBUG:root:Finish turn

DEBUG:root:Order:2 4 3
DEBUG:root:Order:16 4 2
DEBUG:root:Order:3 4 1
DEBUG:root:Order:19 4 1
DEBUG:root:Order:20 4 1
DEBUG:root:Order:20 11 1
DEBUG:root:Finish turn

DEBUG:root:Order:2 11 2
DEBUG:root:Order:2 8 1
DEBUG:root:Order:2 14 1
DEBUG:root:Finish turn

DEBUG:root:Order:16 3 12
DEBUG:root:Order:22 3 11
DEBUG:root:Order:2 3 10
DEBUG:root:Order:4 3 10
DEBUG:root:Order:19 3 10
DEBUG:root:Order:8 3 9
DEBUG:root:Order:14 3 9
DEBUG:root:Order:11 3 8
DEBUG:root:Finish turn

DEBUG:root:Order:2 3 2
DEBUG:root:Order:16 3 1
DEBUG:root:Order:16 11 1
DEBUG:root:Order:16 8 1
DEBUG:root:Finish turn

DEBUG:root:Order:4 2 10
DEBUG:root:Order:19 2 10
DEBUG:root:Order:22 2 10
DEBUG:root:Order:3 2 9
DEBUG:root:Order:8 2 9
DEBUG:root:Order:16 2 9
DEBUG:root:Order:14 2 8
DEBUG:root:Order:11 2 7
DEBUG:root:Finish turn

DEBUG:root:Order:16 2 1
DEBUG:root:Order:16 11 1
DEBUG:root:Order:16 8 1
DEBUG:root:Finish turn

DEBUG:root:Order:2 11 1
DEBUG:root:Finish turn

DEBUG:root:Order:2 5 7
DEBUG:root:Order:3 5 5
DEBUG:root:Order:4 5 5
DEBUG:root:Order:16 5 5
DEBUG:root:Order:22 5 5
DEBUG:root:Order:8 5 3
DEBUG:root:Order:14 5 2
DEBUG:root:Order:11 5 1
DEBUG:root:Finish turn

DEBUG:root:Order:2 5 10
DEBUG:root:Order:16 5 9
DEBUG:root:Order:3 5 8
DEBUG:root:Order:4 5 8
DEBUG:root:Order:22 5 8
DEBUG:root:Order:8 5 7
DEBUG:root:Order:14 5 6
DEBUG:root:Order:14 20 7
DEBUG:root:Order:11 20 2
DEBUG:root:Order:11 19 4
DEBUG:root:Finish turn

DEBUG:root:Order:2 6 68.0
DEBUG:root:Order:16 2 11
DEBUG:root:Order:3 2 10
DEBUG:root:Order:4 2 10
DEBUG:root:Order:22 2 10
DEBUG:root:Bad order:5 7.0 9
DEBUG:root:Order:8 2 9
DEBUG:root:Order:20 2 5
DEBUG:root:Bad order:20 6.0 9
DEBUG:root:Order:11 19 8
DEBUG:root:Order:14 19 3
DEBUG:root:Finish turn

DEBUG:root:Bad order:5 10.0 11
DEBUG:root:Order:2 20 3
DEBUG:root:Order:16 20 3
DEBUG:root:Order:3 20 2
DEBUG:root:Order:4 20 2
DEBUG:root:Order:22 20 2
DEBUG:root:Order:8 20 1
DEBUG:root:Order:14 20 1
DEBUG:root:Finish turn

DEBUG:root:Bad order:5 13.0 17
DEBUG:root:Order:2 8 8
DEBUG:root:Order:16 8 7
DEBUG:root:Order:3 8 6
DEBUG:root:Order:4 8 6
DEBUG:root:Order:22 8 6
DEBUG:root:Order:14 8 5
DEBUG:root:Order:11 8 4
DEBUG:root:Finish turn

DEBUG:root:Order:5 8 13
DEBUG:root:Bad order:5 3.0 6
DEBUG:root:Order:5 11 1
DEBUG:root:Bad order:5 2.0 17
DEBUG:root:Order:16 14 1
DEBUG:root:Finish turn

DEBUG:root:Order:5 16 9
DEBUG:root:Order:3 16 6
DEBUG:root:Order:22 16 6
DEBUG:root:Order:14 16 5
DEBUG:root:Order:20 16 5
DEBUG:root:Order:8 16 4
DEBUG:root:Order:11 16 2
DEBUG:root:Order:11 19 1
DEBUG:root:Finish turn

DEBUG:root:Order:16 14 6
DEBUG:root:Order:3 14 5
DEBUG:root:Order:5 14 5
DEBUG:root:Order:19 14 5
DEBUG:root:Bad order:20 3.0 5
DEBUG:root:Order:22 14 5
DEBUG:root:Order:8 14 4
DEBUG:root:Order:11 14 3
DEBUG:root:Finish turn

DEBUG:root:Order:16 14 4
DEBUG:root:Order:3 14 3
DEBUG:root:Order:5 14 3
DEBUG:root:Order:5 20 3
DEBUG:root:Order:19 20 3
DEBUG:root:Order:22 20 3
DEBUG:root:Order:8 20 1
DEBUG:root:Finish turn

DEBUG:root:Order:3 11 6
DEBUG:root:Order:8 11 6
DEBUG:root:Order:19 11 6
DEBUG:root:Order:22 11 6
DEBUG:root:Order:20 11 5
DEBUG:root:Order:14 11 4
DEBUG:root:Order:5 11 3
DEBUG:root:Finish turn

DEBUG:root:Finish turn

DEBUG:root:Order:5 11 1
DEBUG:root:Order:19 11 1
DEBUG:root:Order:20 11 1
DEBUG:root:Order:22 11 1
DEBUG:root:Order:22 8 1
DEBUG:root:Finish turn

DEBUG:root:Order:5 19 5
DEBUG:root:Order:20 19 5
DEBUG:root:Order:8 19 4
DEBUG:root:Order:22 19 4
DEBUG:root:Order:14 19 3
DEBUG:root:Order:11 19 2
DEBUG:root:Finish turn

DEBUG:root:Order:5 20 7
DEBUG:root:Order:22 20 7
DEBUG:root:Order:8 20 6
DEBUG:root:Order:14 20 6
DEBUG:root:Order:11 20 5
DEBUG:root:Order:19 20 5
DEBUG:root:Finish turn

DEBUG:root:Finish turn

DEBUG:root:Order:5 11 1
DEBUG:root:Order:19 11 1
DEBUG:root:Order:19 8 1
DEBUG:root:Order:22 8 1
DEBUG:root:Finish turn

DEBUG:root:Order:5 11 1
DEBUG:root:Order:8 11 1
DEBUG:root:Order:8 14 1
DEBUG:root:Finish turn

DEBUG:root:Order:22 8 1
DEBUG:root:Order:22 11 1
DEBUG:root:Order:22 14 1
DEBUG:root:Finish turn

DEBUG:root:Order:5 14 10
DEBUG:root:Order:19 14 10
DEBUG:root:Order:20 14 10
DEBUG:root:Order:8 14 5
DEBUG:root:Order:8 6 8
DEBUG:root:Order:22 6 8
DEBUG:root:Order:11 6 2
DEBUG:root:Finish turn

DEBUG:root:Order:11 6 9
DEBUG:root:Order:5 6 6
DEBUG:root:Order:19 6 6
DEBUG:root:Order:20 6 6
DEBUG:root:Order:22 6 6
DEBUG:root:Order:14 6 4
DEBUG:root:Finish turn

DEBUG:root:Order:5 19 5
DEBUG:root:Order:20 19 5
DEBUG:root:Order:22 19 5
DEBUG:root:Order:8 19 4
DEBUG:root:Order:14 19 4
DEBUG:root:Order:11 19 3
DEBUG:root:Finish turn

DEBUG:root:Order:6 5 3
DEBUG:root:Order:19 5 3
DEBUG:root:Order:20 5 3
DEBUG:root:Order:22 5 3
DEBUG:root:Order:14 5 2
DEBUG:root:Order:11 5 1
DEBUG:root:Finish turn

DEBUG:root:Order:6 5 1
DEBUG:root:Order:19 5 1
DEBUG:root:Order:20 5 1
DEBUG:root:Order:20 11 1
DEBUG:root:Finish turn

DEBUG:root:Order:22 11 1
DEBUG:root:Order:22 14 1
DEBUG:root:Finish turn

DEBUG:root:Order:6 5 7
DEBUG:root:Order:19 5 7
DEBUG:root:Order:14 5 6
DEBUG:root:Order:20 5 6
DEBUG:root:Order:22 5 6
DEBUG:root:Order:11 5 4
DEBUG:root:Finish turn

DEBUG:root:Order:6 8 1
DEBUG:root:Order:19 8 1
DEBUG:root:Order:20 8 1
DEBUG:root:Order:22 8 1
DEBUG:root:Order:22 5 1
DEBUG:root:Finish turn

DEBUG:root:Order:5 20 5
DEBUG:root:Order:6 20 5
DEBUG:root:Order:14 20 4
DEBUG:root:Order:22 20 4
DEBUG:root:Order:8 20 3
DEBUG:root:Order:11 20 2
DEBUG:root:Finish turn

DEBUG:root:Order:5 20 1
DEBUG:root:Order:6 20 1
DEBUG:root:Order:22 20 1
DEBUG:root:Finish turn

DEBUG:root:Order:5 11 1
DEBUG:root:Order:6 11 1
DEBUG:root:Order:6 20 1
DEBUG:root:Finish turn

DEBUG:root:Order:22 8 7
DEBUG:root:Order:5 8 6
DEBUG:root:Order:20 8 6
DEBUG:root:Order:6 8 5
DEBUG:root:Order:14 8 5
DEBUG:root:Order:11 8 4
DEBUG:root:Finish turn

DEBUG:root:Order:5 11 4
DEBUG:root:Order:6 11 4
DEBUG:root:Order:20 11 4
DEBUG:root:Order:22 11 4
DEBUG:root:Order:14 11 3
DEBUG:root:Order:14 8 1
DEBUG:root:Finish turn

DEBUG:root:Order:5 11 1
DEBUG:root:Order:6 11 1
DEBUG:root:Order:6 8 1
DEBUG:root:Order:6 14 1
DEBUG:root:Finish turn

DEBUG:root:Bad order:20 0.0 14
DEBUG:root:Order:5 22 13
DEBUG:root:Order:8 22 12
DEBUG:root:Order:14 22 12
DEBUG:root:Order:6 22 11
DEBUG:root:Order:11 22 11
DEBUG:root:Finish turn

DEBUG:root:Order:5 22 3
DEBUG:root:Order:8 22 2
DEBUG:root:Order:14 22 2
DEBUG:root:Order:11 22 1
DEBUG:root:Order:20 22 1
DEBUG:root:Finish turn

DEBUG:root:Order:5 22 1
DEBUG:root:Order:20 22 1
DEBUG:root:Order:20 11 1
DEBUG:root:Finish turn

DEBUG:root:Order:5 11 1
DEBUG:root:Finish turn

DEBUG:root:Finish turn

DEBUG:root:Bad order:5 0.0 1
DEBUG:root:Order:20 11 1
DEBUG:root:Order:22 11 1
DEBUG:root:Order:22 8 1
DEBUG:root:Finish turn

DEBUG:root:Order:20 5 2
DEBUG:root:Order:8 5 1
DEBUG:root:Order:22 5 1
DEBUG:root:Finish turn

DEBUG:root:Order:22 20 7
DEBUG:root:Order:8 20 6
DEBUG:root:Order:14 20 6
DEBUG:root:Order:5 20 4
DEBUG:root:Order:11 20 4
DEBUG:root:Finish turn

DEBUG:root:Order:5 14 9
DEBUG:root:Order:22 14 9
DEBUG:root:Order:8 14 8
DEBUG:root:Order:11 14 7
DEBUG:root:Order:20 14 6
DEBUG:root:Finish turn

DEBUG:root:Order:20 5 8
DEBUG:root:Order:22 5 8
DEBUG:root:Order:8 5 7
DEBUG:root:Order:11 5 6
DEBUG:root:Order:14 5 6
DEBUG:root:Finish turn

DEBUG:root:Finish turn

DEBUG:root:Order:20 8 1
DEBUG:root:Order:20 14 1
DEBUG:root:Finish turn

DEBUG:root:Order:22 8 1
DEBUG:root:Finish turn

DEBUG:root:Finish turn

DEBUG:root:Order:5 14 1
DEBUG:root:Order:22 14 1
DEBUG:root:Finish turn

DEBUG:root:Order:22 17 75.0
DEBUG:root:Order:5 22 20
DEBUG:root:Order:14 22 19
DEBUG:root:Bad order:8 4.0 14
DEBUG:root:Finish turn

DEBUG:root:Bad order:5 9.0 11
DEBUG:root:Order:14 8 10
DEBUG:root:Finish turn

DEBUG:root:Order:5 8 7
DEBUG:root:Order:5 22 4
DEBUG:root:Bad order:5 1.0 11
DEBUG:root:Finish turn

DEBUG:root:Finish turn

DEBUG:root:Order:22 8 1
DEBUG:root:Finish turn

DEBUG:root:Finish turn

DEBUG:root:Order:22 17 4
DEBUG:root:Order:8 17 2
DEBUG:root:Bad order:14 0.0 1
DEBUG:root:Finish turn

DEBUG:root:Order:8 14 14
DEBUG:root:Bad order:17 5.0 13
DEBUG:root:Finish turn

DEBUG:root:Bad order:17 7.0 13
DEBUG:root:Finish turn

DEBUG:root:Order:8 14 7
DEBUG:root:Finish turn

DEBUG:root:Finish turn

DEBUG:root:Finish turn

DEBUG:root:Finish turn

DEBUG:root:Finish turn

DEBUG:root:Finish turn

DEBUG:root:Finish turn

DEBUG:root:Finish turn

DEBUG:root:Finish turn

DEBUG:root:Finish turn

DEBUG:root:Finish turn

DEBUG:root:Finish turn

DEBUG:root:Finish turn

DEBUG:root:Finish turn

DEBUG:root:Finish turn

DEBUG:root:Finish turn

DEBUG:root:Finish turn

DEBUG:root:Finish turn

DEBUG:root:Finish turn

DEBUG:root:Finish turn

DEBUG:root:Finish turn

DEBUG:root:Finish turn

DEBUG:root:Finish turn

DEBUG:root:Finish turn

DEBUG:root:Finish turn

DEBUG:root:Finish turn

DEBUG:root:Finish turn

DEBUG:root:Finish turn

DEBUG:root:Finish turn

